<?xml version="1.0" encoding="UTF-8"?>
<testng-results ignored="0" total="2" passed="2" failed="0" skipped="0">
  <reporter-output>
  </reporter-output>
  <suite started-at="2022-03-06T14:52:58 GMT" name="Surefire suite" finished-at="2022-03-06T14:52:59 GMT" duration-ms="34">
    <groups>
    </groups>
    <test started-at="2022-03-06T14:52:58 GMT" name="Surefire test" finished-at="2022-03-06T14:52:59 GMT" duration-ms="34">
      <class name="CalculatorTest">
        <test-method signature="add()[pri:0, instance:CalculatorTest@618b19ad]" started-at="2022-03-06T14:52:58 GMT" name="add" finished-at="2022-03-06T14:52:59 GMT" duration-ms="16" status="PASS">
          <reporter-output>
          </reporter-output>
        </test-method> <!-- add -->
        <test-method signature="multiply()[pri:0, instance:CalculatorTest@618b19ad]" started-at="2022-03-06T14:52:59 GMT" name="multiply" finished-at="2022-03-06T14:52:59 GMT" duration-ms="10" status="PASS">
          <reporter-output>
          </reporter-output>
        </test-method> <!-- multiply -->
      </class> <!-- CalculatorTest -->
    </test> <!-- Surefire test -->
  </suite> <!-- Surefire suite -->
</testng-results>
